52,53c52,53
< state    real  XLAT             ij      misc        1         -     i0123rh0156{22}{23}d      "XLAT"                "LATITUDE, SOUTH IS NEGATIVE"                                          "degree_north"
< state    real  XLONG            ij      misc        1         -     i0123rh0156{22}{23}d=(interp_fcn_blint_ll:xlat,input_from_file)      "XLONG"               "LONGITUDE, WEST IS NEGATIVE"                                          "degree_east"
---
> state    real  XLAT             ij      misc        1         -     i0123rh0156{22}{23}du=(copy_fcnm)      "XLAT"                "LATITUDE, SOUTH IS NEGATIVE"                                          "degree_north"
> state    real  XLONG            ij      misc        1         -     i0123rh0156{22}{23}d=(interp_fcn_blint_ll:xlat,input_from_file)u=(copy_fcnm)      "XLONG"               "LONGITUDE, WEST IS NEGATIVE"                                          "degree_east"
124a125,152
> state    real   qnwfa_gc       igj      dyn_em      1        Z     i1  "QNWFA"   "water-friendly aerosol  num concentration"   "# kg-1"
> state    real   qnifa_gc       igj      dyn_em      1        Z     i1  "QNIFA"   "water-friendly aerosol  num concentration"   "# kg-1"
> state    real   qnwfa_now      igj      dyn_em      1        Z     -   "QNWFA_NOW"   "num water-friendly aerosol Now"   "# kg-1"
> state    real   qnwfa_jan      igj      dyn_em      1        Z     i1  "QNWFA_JAN"   "num water-friendly aerosol Jan"   "# kg-1"
> state    real   qnwfa_feb      igj      dyn_em      1        Z     i1  "QNWFA_FEB"   "num water-friendly aerosol Feb"   "# kg-1"
> state    real   qnwfa_mar      igj      dyn_em      1        Z     i1  "QNWFA_MAR"   "num water-friendly aerosol Mar"   "# kg-1"
> state    real   qnwfa_apr      igj      dyn_em      1        Z     i1  "QNWFA_APR"   "num water-friendly aerosol Apr"   "# kg-1"
> state    real   qnwfa_may      igj      dyn_em      1        Z     i1  "QNWFA_MAY"   "num water-friendly aerosol May"   "# kg-1"
> state    real   qnwfa_jun      igj      dyn_em      1        Z     i1  "QNWFA_JUN"   "num water-friendly aerosol Jun"   "# kg-1"
> state    real   qnwfa_jul      igj      dyn_em      1        Z     i1  "QNWFA_JUL"   "num water-friendly aerosol Jul"   "# kg-1"
> state    real   qnwfa_aug      igj      dyn_em      1        Z     i1  "QNWFA_AUG"   "num water-friendly aerosol Aug"   "# kg-1"
> state    real   qnwfa_sep      igj      dyn_em      1        Z     i1  "QNWFA_SEP"   "num water-friendly aerosol Sep"   "# kg-1"
> state    real   qnwfa_oct      igj      dyn_em      1        Z     i1  "QNWFA_OCT"   "num water-friendly aerosol Oct"   "# kg-1"
> state    real   qnwfa_nov      igj      dyn_em      1        Z     i1  "QNWFA_NOV"   "num water-friendly aerosol Nov"   "# kg-1"
> state    real   qnwfa_dec      igj      dyn_em      1        Z     i1  "QNWFA_DEC"   "num water-friendly aerosol Dec"   "# kg-1"
> state    real   qnifa_now      igj      dyn_em      1        Z     -   "QNIFA_NOW"   "num ice-friendly aerosol Now"   "# kg-1"
> state    real   qnifa_jan      igj      dyn_em      1        Z     i1  "QNIFA_JAN"   "num ice-friendly aerosol Jan"   "# kg-1"
> state    real   qnifa_feb      igj      dyn_em      1        Z     i1  "QNIFA_FEB"   "num ice-friendly aerosol Feb"   "# kg-1"
> state    real   qnifa_mar      igj      dyn_em      1        Z     i1  "QNIFA_MAR"   "num ice-friendly aerosol Mar"   "# kg-1"
> state    real   qnifa_apr      igj      dyn_em      1        Z     i1  "QNIFA_APR"   "num ice-friendly aerosol Apr"   "# kg-1"
> state    real   qnifa_may      igj      dyn_em      1        Z     i1  "QNIFA_MAY"   "num ice-friendly aerosol May"   "# kg-1"
> state    real   qnifa_jun      igj      dyn_em      1        Z     i1  "QNIFA_JUN"   "num ice-friendly aerosol Jun"   "# kg-1"
> state    real   qnifa_jul      igj      dyn_em      1        Z     i1  "QNIFA_JUL"   "num ice-friendly aerosol Jul"   "# kg-1"
> state    real   qnifa_aug      igj      dyn_em      1        Z     i1  "QNIFA_AUG"   "num ice-friendly aerosol Aug"   "# kg-1"
> state    real   qnifa_sep      igj      dyn_em      1        Z     i1  "QNIFA_SEP"   "num ice-friendly aerosol Sep"   "# kg-1"
> state    real   qnifa_oct      igj      dyn_em      1        Z     i1  "QNIFA_OCT"   "num ice-friendly aerosol Oct"   "# kg-1"
> state    real   qnifa_nov      igj      dyn_em      1        Z     i1  "QNIFA_NOV"   "num ice-friendly aerosol Nov"   "# kg-1"
> state    real   qnifa_dec      igj      dyn_em      1        Z     i1  "QNIFA_DEC"   "num ice-friendly aerosol Dec"   "# kg-1"
146,147d173
< state    real   bathymetry     ij       dyn_em      1        -     i1  "bathymetry" "Bathymetry and topography" "m"
< state   integer BATHYMETRY_FLAG -       misc        1        -     i0rh   "BATHYMETRY_FLAG"   "Flag for bathymetry in the global attributes for metgrid data"
186,187d211
< i1       real   wwE            ikj     dyn_em      1         Z      -         "wwE"  "Explicit vertical velocity" "Pa s-1"
< i1       real   wwI            ikj     dyn_em      1         Z      -         "wwI"  "Implicit vertical velocity" "Pa s-1"
491,495c515,516
< state    real   qnwfa2d          ij     misc        1         -     i01{17}rhdu "QNWFA2D"     "Surface aerosol number conc emission"  "kg-1 s-1"
< state    real   qnifa2d          ij     misc        1         -     i01{17}rhdu "QNIFA2D"     "Surface dust number conc emission"  "kg-1 s-1"
< state    real   qnbca2d          ij     misc        1         -     i01{17}rhdu "QNBCA2D"     "Surface black carbon number conc emission"  "kg-1 s-1"
< state    real   qnocbb2d         ij     misc        1         -     i01{17}rhdu "QNOCBB2D"    "Surface organic carbon biomass burning number conc emission"  "kg-1 s-1"
< state    real   qnbcbb2d         ij     misc        1         -     i01{17}rhdu "QNBCBB2D"    "Surface black carbon biomass burning number conc emission"  "kg-1 s-1"
---
> state    real   qnwfa2d          ij     misc        1         -     i014rhdu "QNWFA2D"        "Surface aerosol number conc emission"  "kg-1 s-1"
> state    real   qnifa2d          ij     misc        1         -     i014rhdu "QNIFA2D"        "Surface dust number conc emission"  "kg-1 s-1"
556,557d576
< state   real    qzi             ikjftb  scalar      1         -     \
<    i0rhusdf=(bdy_interp:dt)    "QZI"           "Sixth moment ice mixing ratio" "m(6) kg(-1)"
622,685d640
< #---------for ntu3m---------------------------------------------------------------------------
< state   real    qdcn           ikjftb   scalar      1         -     \
<    i0rhusdf=(bdy_interp:dt)  "QDCN"           "Mass mixing ratio for dry CN " "kg kg-1"
< state   real    qtcn           ikjftb   scalar      1         -     \
<    i0rhusdf=(bdy_interp:dt)  "QTCN"           "Mass mixing ratio for total CN" "kg kg-1"
< state   real    qccn           ikjftb   scalar      1         -     \
<    i0rhusdf=(bdy_interp:dt)  "QCCN"           "Mass mixing ratio for cloud CN" "kg kg-1"
< state   real    qrcn           ikjftb   scalar      1         -     \
<    i0rhusdf=(bdy_interp:dt)  "QRCN"           "Mass mixing ratio for rain CN" "kg kg-1"
< state   real    qnin           ikjftb   scalar      1         -     \
<    i0rhusdf=(bdy_interp:dt)  "QNIN"           "Potential ice nuclei number mixing ratio" "# kg-1"
< state   real    fi             ikjftb   scalar      1         -     \
<    i0rhusdf=(bdy_interp:dt)  "FI"             "Shape moment mixing ratio for pristine ice" "m^3 kg-1"
< state   real    fs             ikjftb   scalar      1         -     \
<    i0rhusdf=(bdy_interp:dt)  "FS"             "Shape moment mixing ratio for snow-aggregates" "m^3 kg-1"
< state   real    vi             ikjftb   scalar      1         -     \
<    i0rhusdf=(bdy_interp:dt)  "VI"             "Volume moment mixing ratio for pristine ice" "m^3 kg-1"
< state   real    vs             ikjftb   scalar      1         -     \
<    i0rhusdf=(bdy_interp:dt)  "VS"             "Volume moment mixing ratio for snow-aggragates" "m^3 kg-1"
< state   real    vg             ikjftb   scalar      1         -     \
<    i0rhusdf=(bdy_interp:dt)  "VG"             "Volume moment mixing ratio for rimed ice" "m^3 kg-1"
< state   real    ai             ikjftb   scalar      1         -     \
<    i0rhusdf=(bdy_interp:dt)  "AI"             "Second moment mixing ratio for pristine ice" "m^2 kg-1"
< state   real    as             ikjftb   scalar      1         -     \
<    i0rhusdf=(bdy_interp:dt)  "AS"             "Second moment mixing ratio for snow-aggregates" "m^2 kg-1"
< state   real    ag             ikjftb   scalar      1         -     \
<    i0rhusdf=(bdy_interp:dt)  "AG"             "Second moment mixing ratio for rimed ice" "m^2 kg-1"
< state   real    ah             ikjftb   scalar      1         -     \
<    i0rhusdf=(bdy_interp:dt)  "AH"             "Second moment mixing ratio for hail" "m^2 kg-1"
< state   real    i3m            ikjftb   scalar      1         -     \
<    i0rhusdf=(bdy_interp:dt)  "I3M"            "Third moment mixing ratio for pristine ice" "m^3 kg-1"
< 
< state   real    dfi_qdcn       ikjftb   dfi_scalar      1         -     \
<    rusdf=(bdy_interp:dt)     "DFI_QDCN"      "Mass mixing ratio for dry CN" "kg kg-1"
< state   real    dfi_qtcn       ikjftb   dfi_scalar      1         -     \
<    rusdf=(bdy_interp:dt)     "DFI_QTCN"      "Mass mixing ratio for total CN" "kg kg-1"
< state   real    dfi_qccn       ikjftb   dfi_scalar      1         -     \
<    rusdf=(bdy_interp:dt)     "DFI_QCCN"      "Mass mixing ratio for cloud CN" "kg kg-1"
< state   real    dfi_qrcn       ikjftb   dfi_scalar      1         -     \
<    rusdf=(bdy_interp:dt)     "DFI_QRCN"      "Mass mixing ratio for rain CN" "kg kg-1"
< state   real    dfi_qnin       ikjftb   dfi_scalar      1         -     \
<    rusdf=(bdy_interp:dt)     "DFI_QNIN"      "Potential ice nuclei number mixing ratio" "# kg-1"
< state   real    dfi_fi         ikjftb   dfi_scalar      1         -     \
<    rusdf=(bdy_interp:dt)     "DFI_FI"        "Shape moment mixing ratio for pristine ice" "m^3 kg-1"
< state   real    dfi_fs         ikjftb   dfi_scalar      1         -     \
<    rusdf=(bdy_interp:dt)     "DFI_FS"        "Shape moment mixing ratio for snow-aggregates" "m^3 kg-1"
< state   real    dfi_vi         ikjftb   dfi_scalar      1         -     \
<    rusdf=(bdy_interp:dt)     "DFI_VI"        "Volume moment mixing ratio for pristine ice" "m^3 kg-1"
< state   real    dfi_vs         ikjftb   dfi_scalar      1         -     \
<    rusdf=(bdy_interp:dt)     "DFI_VS"        "Volume moment mixing ratio for snow-aggregates" "m^3 kg-1"
< state   real    dfi_vg         ikjftb   dfi_scalar      1         -     \
<    rusdf=(bdy_interp:dt)     "DFI_VG"        "Volume moment mixing ratio for rimed ice" "m^3 kg-1"
< state   real    dfi_ai         ikjftb   dfi_scalar      1         -     \
<    rusdf=(bdy_interp:dt)     "DFI_AI"        "Second moment mixing ratio for pristine ice" "m^2 kg-1"
< state   real    dfi_as         ikjftb   dfi_scalar      1         -     \
<    rusdf=(bdy_interp:dt)     "DFI_AS"        "Second moment mixing ratio for snow-aggregates" "m^2 kg-1"
< state   real    dfi_ag         ikjftb   dfi_scalar      1         -     \
<    rusdf=(bdy_interp:dt)     "DFI_AG"        "Second moment mixing ratio for rimed ice" "m^2 kg-1"
< state   real    dfi_ah         ikjftb   dfi_scalar      1         -     \
<    rusdf=(bdy_interp:dt)     "DFI_AH"        "Second moment mixing ratio for hail" "m^2 kg-1"
< state   real    dfi_i3m        ikjftb   dfi_scalar      1         -     \
<    rusdf=(bdy_interp:dt)     "DFI_I3M"       "Third moment mixing ratio for pristine ice" "m^3 kg-1"
< #-------------------------------------for ntu3m----------------------------------------------------------
< #
764,765d718
< 
< state   real   pct_pft_input i{npft}j    misc          1     Z     i012rh   "PCT_PFT"   "PFT PERCENTAGE BY CATEGORY"  ""
769d721
< 
833,835d784
< state    real   qtiledrain       ij     misc        1         -      r                                          "qtiledrain"        "accumulated tile drainage"  "mm"
< state    real   ZWATBLE2D        ij     misc        1         -      r                                          "ZWATBLE2D"         "water table depth for tile drainage"  "mm"
< 
851d799
< 
853a802,804
> state    real   HWAVE            ij     misc        1         -     i012rhd   "HWAVE"   "SEA SURFACE WAVE HEIGHTS"     "m"
> state    real   LWAVEP           ij     misc        1         -     i012rhd   "LWAVEP"  "SEA SURFACE PEAK WAVE LENGTH" "m"
> state    real   PWAVE            ij     misc        1         -     i012rhd   "PWAVE"   "SEA SURFACE PEAK WAVE PERIOD" "s"
862,864c813,814
< state    real   lake_depth       ij     misc        1         -     i012rd=(interp_mask_water_field:lu_index,islake)        "lake_depth"         "lake depth" "m"
< state    real   water_depth      ij     misc        1         -     i0rhd                                                   "water_depth"        "global water depth" "m"
< state    real   DTW              ij     misc        1         -     r                                                       "DTW"                "WARM LAYER TEMP DIFF" "C"
---
> state    real   lake_depth            ij     misc        1    -     i012rd=(interp_mask_water_field:lu_index,islake)   "lake_depth"              "lake depth" "m"
> state    real   DTW              ij     misc        1         -     r   "DTW"              "WARM LAYER TEMP DIFF" "C"
950,964d899
< state    real   EP_PV_URB3D     ij          misc       1         -     rh     "EP_PV_URB3D"  "ELEC. PRODUCTION OF ROOFTOP PV PANELS" "W m{-2}" !PVP
< state    real   T_PV_URB3D      i{umap5}j   misc       1         -     r      "T_PV_URB3D"  "PHOTOVOLTAIC PANELS TEMPERATURE " "K" !PVP
< state    real   TRV_URB4D       i{umap10}j  misc       1         Z     r      "TRV_URB4D" "GREEN ROOF LAYER TEMPERATURE"          "K"
< state    real   QR_URB4D        i{umap10}j  misc       1         Z     r      "QR_URB4D" "GREEN ROOF LAYER MOISTURE"          "dimensionless"
< state    real   QGR_URB3D       ij          misc       1         Z     rh     "QGR_URB4D" "GREEN ROOF LAYER MOISTURE OUTPUT"          "dimensionless"
< state    real   TGR_URB3D       ij          misc       1         Z     rh     "TGR_URB4D" "GREEN ROOF LAYER TEMPERATURE OUTPUT"          "dimensionless"
< state    real   DRAIN_URB4D     i{umap5}j   misc       1         Z     r      "DRAIN_URB4D" "GREEN ROOF DRAINAGE"          "mm"
< state    real   DRAINGR_URB3D   ij          misc       1         -     rh     "DRAINGR_URB3D"  "ACCUMULATED GREEN ROOF DRAINAGE" "mm"
< state    real   SFRV_URB3D      i{umap5}j   misc       1         Z     r      "SFRV_URB3D"  "SENSIBLE HEAT FLUX FROM GREEN ROOF"  "W m{-2}"
< state    real   LFRV_URB3D      i{umap5}j   misc       1         Z     r      "LFRV_URB3D"  "LATENT HEAT FLUX FROM GREEN ROOF"  "W m{-2}"
< state    real   DGR_URB3D       i{umap5}j   misc       1         Z     r      "DGR_URB3D" "ROOF LAYER DEPTH WATER RETENTION"          "mm"
< state    real   DG_URB3D        i{umap0}j   misc       1         Z     r      "DG_URB4D" "ROOF LAYER DEPTH WATER RETENTION"          "mm"
< state    real   LFR_URB3D       i{umap5}j   misc       1         Z     r      "LFR_URB3D"  "LATENT HEAT FLUX FROM URBAN SFC"  "W m{-2}"
< state    real   LFG_URB3D       i{umap0}j   misc       1         Z     r      "LFG_URB3D"  "LATENT HEAT FLUX FROM URBAN SFC"  "W m{-2}"
< 
972,975d906
< state    integer   ECMASK       ij          misc        1        -     rh     "ECMASK"  "ECLIPSE MASK"     "dimensionless"
< state    real      ECOBSC       ij          misc        1        -     rh     "ECOBSC"  "ECLIPSE OBSCURITY"     "dimensionless"
< state    real      elon_track   -           misc        1        -     rh     "elon_track"  "ECLIPSE LON"     "degrees"
< state    real      elat_track   -           misc        1        -     rh     "elat_track"  "ECLIPSE LAT"     "degrees"
1031,1035d961
< # EEPS PBL  scheme
< state   real   pep_pbl        ikj    misc        1         -     hr        "PEP_PBL"            "TKE dissipation rate from EEPS"    "m2 s-3"
< state   real   pek_adv        ikjftb  scalar      1         -      i0rusdf=(bdy_interp:dt) "pek_adv"       "TKE from EEPS"      "m2 s-2"
< state   real   pep_adv        ikjftb  scalar      1         -      i0rusdf=(bdy_interp:dt) "pep_adv"       "TKE dissipating rate from EEPS"      "m2 s-3"
< 
1037,1039c963,965
< state    real   EXCH_H          ikj     misc        1         Z     r        "EXCH_H"               "SCALAR EXCHANGE COEFFICIENTS "                "m2 s-1"
< state    real   EXCH_M          ikj     misc        1         Z     r        "EXCH_M"               "EXCHANGE COEFFICIENTS "                       "m2 s-1"
< state    real  CT               ij      misc        1         -     r        "CT"                    "COUNTERGRADIENT TERM"    "K"
---
> state    real   EXCH_H          ikj     misc        1         Z     r         "EXCH_H"               "SCALAR EXCHANGE COEFFICIENTS "                "m2 s-1"
> state    real   EXCH_M          ikj     misc        1         Z     r         "EXCH_M"               "EXCHANGE COEFFICIENTS "                       "m2 s-1"
> state    real  CT              ij      misc        1         -      r        "CT"                    "COUNTERGRADIENT TERM"    "K"
1106,1107c1032,1033
< state   real   qsq             ikj     misc        1         -      r        "qsq"               "total water variance"      "(kg/kg)**2"
< state   real   cov             ikj     misc        1         -      r        "cov"               "total water-liquid water pottemp covariance"   "K kg/kg"
---
> state   real   qsq             ikj     misc        1         -      r        "qsq"               "liquid water variance"      "(kg/kg)**2"
> state   real   cov             ikj     misc        1         -      r        "cov"               "liquid water-liquid water pottemp covariance"   "K kg/kg"
1128,1219d1053
< # Additional for PBL3D
< state   real   thetav                ikj     misc        1         -       r       "thetav"            "Virtual potential temperature"  "K"
< state   real   q_sq                  ikj     misc        1         Z       rh      "q_sq"              "Twice TKE"  "m2 s-2"
< state   real   q_sq_shear            ikj     misc        1         -       r       "q_sq_shear"        "Q_SQ shear tendency"  "m2 s-3"
< state   real   q_sq_buoyancy         ikj     misc        1         -       r       "q_sq_buoyancy"     "Q_SQ buoyancy tendency"  "m2 s-3"
< state   real   q_sq_dissip           ikj     misc        1         -       r       "q_sq_dissip"       "Q_SQ dissipation tendency"  "m2 s-3"
< state   real   q_sq_vdiff            ikj     misc        1         -       r       "q_sq_vdiff"        "Q_SQ vertical diffusion tendency"  "m2 s-3"
< state   real   q_sq_hdiff            ikj     misc        1         -       r       "q_sq_hdiff"        "Q_SQ horizontal diffusion tendency"  "m2 s-3"
< state   real   turb_flux_u2          ikj     misc        1         Z       r       "turb_flux_u2"      "u variance"  "m2 s-2"
< state   real   turb_flux_v2          ikj     misc        1         Z       r       "turb_flux_v2"      "v variance"  "m2 s-2"
< state   real   turb_flux_w2          ikj     misc        1         Z       r       "turb_flux_w2"      "w variance"  "m2 s-2"
< state   real   turb_flux_uw          ikj     misc        1         Z       r       "turb_flux_uw"      "u w covariance"  "m2 s-2"
< state   real   turb_flux_vw          ikj     misc        1         Z       r       "turb_flux_vw"      "v w covariance"  "m2 s-2"
< state   real   turb_flux_uv          ikj     misc        1         Z       r       "turb_flux_uv"      "u v covariance"  "m2 s-2"
< state   real   turb_flux_utheta      ikj     misc        1         Z       r       "turb_flux_utheta"  "u theta covariance"  "K m s-1"
< state   real   turb_flux_vtheta      ikj     misc        1         Z       r       "turb_flux_vtheta"  "v theta covariance"  "K m s-1"
< state   real   turb_flux_wtheta      ikj     misc        1         Z       r       "turb_flux_wtheta"  "w theta covariance"  "K m s-1"
< state   real   turb_flux_utheta_v    ikj     misc        1         Z       -       "turb_flux_utheta_v"  "u theta_virtual covariance" "K m s-1"
< state   real   turb_flux_vtheta_v    ikj     misc        1         Z       -       "turb_flux_vtheta_v"  "v theta_virtual covariance" "K m s-1"
< state   real   turb_flux_wtheta_v    ikj     misc        1         Z       r       "turb_flux_wtheta_v"  "w theta_virtual covariance" "K m s-1"
< state   real   turb_flux_theta2_v    ikj     misc        1         Z       -       "turb_flux_theta2_v"  "theta_virtual variance" "K2"
< state   real   turb_flux_uqv         ikj     misc        1         Z       r       "turb_flux_uqv"  "u qv covariance"  "kg kg-1 m s-1"
< state   real   turb_flux_vqv         ikj     misc        1         Z       r       "turb_flux_vqv"  "v qv covariance"  "kg kg-1 m s-1"
< state   real   turb_flux_wqv         ikj     misc        1         Z       r       "turb_flux_wqv"  "w qv covariance"  "kg kg-1 m s-1"
< state   real   turb_flux_uqc         ikj     misc        1         Z       -       "turb_flux_uqc"  "u qc covariance"  "kg kg-1 m s-1"
< state   real   turb_flux_vqc         ikj     misc        1         Z       -       "turb_flux_vqc"  "v qc covariance"  "kg kg-1 m s-1"
< state   real   turb_flux_wqc         ikj     misc        1         Z       -       "turb_flux_wqc"  "w qc covariance"  "kg kg-1 m s-1"
< state   real   turb_flux_uqr         ikj     misc        1         Z       -       "turb_flux_uqr"  "u qr covariance"  "kg kg-1 m s-1"
< state   real   turb_flux_vqr         ikj     misc        1         Z       -       "turb_flux_vqr"  "v qr covariance"  "kg kg-1 m s-1"
< state   real   turb_flux_wqr         ikj     misc        1         Z       -       "turb_flux_wqr"  "w qr covariance"  "kg kg-1 m s-1"
< state   real   turb_flux_uqi         ikj     misc        1         Z       -       "turb_flux_uqi"  "u qi covariance"  "kg kg-1 m s-1"
< state   real   turb_flux_vqi         ikj     misc        1         Z       -       "turb_flux_vqi"  "v qi covariance"  "kg kg-1 m s-1"
< state   real   turb_flux_wqi         ikj     misc        1         Z       -       "turb_flux_wqi"  "w qi covariance"  "kg kg-1 m s-1"
< state   real   turb_flux_uqs         ikj     misc        1         Z       -       "turb_flux_uqs"  "u qs covariance"  "kg kg-1 m s-1"
< state   real   turb_flux_vqs         ikj     misc        1         Z       -       "turb_flux_vqs"  "v qs covariance"  "kg kg-1 m s-1"
< state   real   turb_flux_wqs         ikj     misc        1         Z       -       "turb_flux_wqs"  "w qs covariance"  "kg kg-1 m s-1"
< state   real   turb_flux_uqg         ikj     misc        1         Z       -       "turb_flux_uqg"  "u qg covariance"  "kg kg-1 m s-1"
< state   real   turb_flux_vqg         ikj     misc        1         Z       -       "turb_flux_vqg"  "v qg covariance"  "kg kg-1 m s-1"
< state   real   turb_flux_wqg         ikj     misc        1         Z       -       "turb_flux_wqg"  "w qg covariance"  "kg kg-1 m s-1"
< state   real   turb_flux_uqnc        ikj     misc        1         Z       -       "turb_flux_uqnc" "u qnc covariance" "# kg-1 m s-1"
< state   real   turb_flux_vqnc        ikj     misc        1         Z       -       "turb_flux_vqnc" "v qnc covariance" "# kg-1 m s-1"
< state   real   turb_flux_wqnc        ikj     misc        1         Z       -       "turb_flux_wqnc" "w qnc covariance" "# kg-1 m s-1"
< state   real   turb_flux_uqnr        ikj     misc        1         Z       -       "turb_flux_uqnr" "u qnr covariance" "# kg-1 m s-1"
< state   real   turb_flux_vqnr        ikj     misc        1         Z       -       "turb_flux_vqnr" "v qnr covariance" "# kg-1 m s-1"
< state   real   turb_flux_wqnr        ikj     misc        1         Z       -       "turb_flux_wqnr" "w qnr covariance" "# kg-1 m s-1"
< state   real   turb_flux_uqni        ikj     misc        1         Z       -       "turb_flux_uqni" "u qni covariance" "# kg-1 m s-1"
< state   real   turb_flux_vqni        ikj     misc        1         Z       -       "turb_flux_vqni" "v qni covariance" "# kg-1 m s-1"
< state   real   turb_flux_wqni        ikj     misc        1         Z       -       "turb_flux_wqni" "w qni covariance" "# kg-1 m s-1"
< state   real   turb_flux_uqnwfa      ikj     misc        1         Z       -       "turb_flux_uqnwfa" "u qnwfa covariance" "# kg-1 m s-1"
< state   real   turb_flux_vqnwfa      ikj     misc        1         Z       -       "turb_flux_vqnwfa" "v qnwfa covariance" "# kg-1 m s-1"
< state   real   turb_flux_wqnwfa      ikj     misc        1         Z       -       "turb_flux_wqnwfa" "w qnwfa covariance" "# kg-1 m s-1"
< state   real   turb_flux_uqnifa      ikj     misc        1         Z       -       "turb_flux_uqnifa" "u qnifa covariance" "# kg-1 m s-1"
< state   real   turb_flux_vqnifa      ikj     misc        1         Z       -       "turb_flux_vqnifa" "v qnifa covariance" "# kg-1 m s-1"
< state   real   turb_flux_wqnifa      ikj     misc        1         Z       -       "turb_flux_wqnifa" "w qnifa covariance" "# kg-1 m s-1"
< state   real   turb_flux_u2_mass     ikj     misc        1         -       r       "turb_flux_u2_mass"      "u variance"  "m2 s-2"
< state   real   turb_flux_v2_mass     ikj     misc        1         -       r       "turb_flux_v2_mass"      "v variance"  "m2 s-2"
< state   real   turb_flux_w2_mass     ikj     misc        1         -       r       "turb_flux_w2_mass"      "w variance"  "m2 s-2"
< state   real   turb_flux_uw_mass     ikj     misc        1         -       r       "turb_flux_uw_mass"      "u w covariance"  "m2 s-2"
< state   real   turb_flux_vw_mass     ikj     misc        1         -       r       "turb_flux_vw_mass"      "v w covariance"  "m2 s-2"
< state   real   turb_flux_uv_mass     ikj     misc        1         -       r       "turb_flux_uv_mass"      "u v covariance"  "m2 s-2"
< state   real   turb_flux_wtheta_v_mass ikj     misc        1         -       r       "turb_flux_wtheta_v_mass"  "w theta_virtual covariance"  "K m s-1"
< state   real   l_master              ikj     misc        1         Z       rh      "l_master"            "Master length scale at faces"    "m"
< state   real   l_master_at_mass      ikj     misc        1         -       r       "l_master_mass"       "Master length scale at mass points"    "m"
< state   real   l_boulac              ikj     misc        1         Z       r       "l_boulac"            "Dissipation length scale at faces"    "m"
< 
< state   real   u_tmp                 ikj     misc        1         X       r       "u_tmp"         "u  temporary array"    "m s-1"
< state   real   v_tmp                 ikj     misc        1         Y       r       "v_tmp"         "v  temporary array"    "m s-1"
< state   real   w_tmp                 ikj     misc        1         Z       r       "w_tmp"         "w  temporary array"    "m s-1"
< state   real   th_tmp                ikj     misc        1         -       r       "th_tmp"        "th temporary array"    "K"
< state   real   qv_tmp                ikj     misc        1         -       r       "qv_tmp"        "qv temporary array"    "g kg-1"
< state   real   rho_tmp               ikj     misc        1         -       r       "rho_tmp"       "rho temporary array"   "kg m-3"
< state   real   q_sq_tmp              ikj     misc        1         -       r       "q_sq_tmp"      "q_sq temporary array"  "m2 s-2"
< 
< state   real   q_sq_prog             ikj     dyn_em      2         -       r       "q_sq_prog"      "Prognostic Twice TKE"     "m2 s-2"
< i1      real   q_sq_prog_tend        ikj     dyn_em      1         -
< 
< state   real   phi_fl                ikj     misc        1         -       -       "phi_fl"         "Phi for flux limiter"    ""
< state   real   tf_khx                ikj     misc        1         Z       -       "tf_khx"         "Eddy diffusivity of heat x direction"    "m2 s-1"
< state   real   tf_khy                ikj     misc        1         Z       -       "tf_khy"         "Eddy diffusivity of heat y direction"    "m2 s-1"
< state   real   tf_khz                ikj     misc        1         Z       -       "tf_khz"         "Eddy diffusivity of heat z direction"    "m2 s-1"
< 
< rconfig  character pbl3d_constants      namelist,dynamics          1       "MY82"    -     "pbl3d_constants"      "Set of model constants"  ""
< rconfig  integer   pbl3d_opt            namelist,dynamics    max_domains      0      -     "pbl3d_opt"            "PBL3D mixing option" ""
< rconfig  integer   pbl3d_sfc_opt        namelist,dynamics    max_domains      0      -     "pbl3d_sfc_opt"        "PBL3D surface option" ""
< rconfig  integer   pbl3d_l_opt          namelist,dynamics    max_domains      1      -     "pbl3d_l_opt"          "PBL3D l option" ""
< rconfig  integer   pbl3d_nsteps         namelist,dynamics    max_domains      1      -     "pbl3d_nsteps"         "PBL3D number of substeps" ""
< rconfig  integer   pbl3d_prog           namelist,dynamics    max_domains      0      -     "pbl3d_prog"           "PBL3D prognostic TKE" ""
< rconfig  integer   pbl3d_scalar_mix     namelist,dynamics    max_domains      0      -     "pbl3d_scalar_mix"     "PBL3D scalar turbulent mixing" ""
< rconfig  integer   flux_limiter_w       namelist,dynamics    max_domains      0      -     "flux_limiter_w"       "Flux limiter on vertical advection of w" ""
< 
< rconfig  integer   pbl3d_used           derived                    1          0      -     "pbl3d_used"           "turn on if any variation of PBL3D is used"
< 
1233,1280c1067,1076
< state   real   VAR2D            ij     misc        1         -     i012rhd   "VAR"                   "STANDARD DEVIATION OF SUBGRID-SCALE OROGRAPHY"   "m"
< state   real   OC12D            ij     misc        1         -     i012rhd   "CON"                   "OROGRAPHIC CONVEXITY"                            ""
< state   real   OA1              ij     misc        1         -     i012rhd   "OA1"                   "ASYMMETRY OF SUBGRID-SCALE OROGRAPHY FOR WESTERLY FLOW"         ""
< state   real   OA2              ij     misc        1         -     i012rhd   "OA2"                   "ASYMMETRY OF SUBGRID-SCALE OROGRAPHY FOR SOUTHERLY FLOW"        ""
< state   real   OA3              ij     misc        1         -     i012rhd   "OA3"                   "ASYMMETRY OF SUBGRID-SCALE OROGRAPHY FOR SOUTH-WESTERLY FLOW"   ""
< state   real   OA4              ij     misc        1         -     i012rhd   "OA4"                   "ASYMMETRY OF SUBGRID-SCALE OROGRAPHY FOR NORTH-WESTERLY FLOW"   ""
< state   real   OL1              ij     misc        1         -     i012rhd   "OL1"                   "NON-DIMENSIONAL EFFECTIVE OROGRAPHIC LENGTH FOR WESTERLY FLOW"         ""
< state   real   OL2              ij     misc        1         -     i012rhd   "OL2"                   "NON-DIMENSIONAL EFFECTIVE OROGRAPHIC LENGTH FOR SOUTHERLY FLOW"        ""
< state   real   OL3              ij     misc        1         -     i012rhd   "OL3"                   "NON-DIMENSIONAL EFFECTIVE OROGRAPHIC LENGTH FOR SOUTH-WESTERLY FLOW"   ""
< state   real   OL4              ij     misc        1         -     i012rhd   "OL4"                   "NON-DIMENSIONAL EFFECTIVE OROGRAPHIC LENGTH FOR NORTH-WESTERLY FLOW"   ""
< 
< # Additional for GSL gravity wave drag suite
< state   real   DTAUX3D_ls      ikj     misc        1         -     rh        "DTAUX3D_ls"            "LOCAL U GWDO STRESS LARGE-SCALE"   "m s-1"
< state   real   DTAUY3D_ls      ikj     misc        1         -     rh        "DTAUY3D_ls"            "LOCAL V GWDO STRESS LARGE-SCALE"   "m s-1"
< state   real   DTAUX3D_bl      ikj     misc        1         -     rh        "DTAUX3D_bl"            "LOCAL U GWDO STRESS BLOCKING"   "m s-1"
< state   real   DTAUY3D_bl      ikj     misc        1         -     rh        "DTAUY3D_bl"            "LOCAL V GWDO STRESS BLOCKING"   "m s-1"
< state   real   DTAUX3D_ss      ikj     misc        1         -     rh        "DTAUX3D_ss"            "LOCAL U GWDO STRESS SMALL-SCALE"   "m s-1"
< state   real   DTAUY3D_ss      ikj     misc        1         -     rh        "DTAUY3D_ss"            "LOCAL V GWDO STRESS SMALL-SCALE"   "m s-1"
< state   real   DTAUX3D_fd      ikj     misc        1         -     rh        "DTAUX3D_fd"            "LOCAL U GWDO STRESS FORM-DRAG"   "m s-1"
< state   real   DTAUY3D_fd      ikj     misc        1         -     rh        "DTAUY3D_fd"            "LOCAL V GWDO STRESS FORM-DRAG"   "m s-1"
< state   real   DUSFCG_ls        ij     misc        1         -     rh        "DUSFCG_ls"             "COLUMN-INTEGRATED U GWDO STRESS LARGE-SCALE"   "Pa m s-1"
< state   real   DVSFCG_ls        ij     misc        1         -     rh        "DVSFCG_ls"             "COLUMN-INTEGRATED V GWDO STRESS LARGE-SCALE"   "Pa m s-1"
< state   real   DUSFCG_bl        ij     misc        1         -     rh        "DUSFCG_bl"             "COLUMN-INTEGRATED U GWDO STRESS BLOCKING"   "Pa m s-1"
< state   real   DVSFCG_bl        ij     misc        1         -     rh        "DVSFCG_bl"             "COLUMN-INTEGRATED V GWDO STRESS BLOCKING"   "Pa m s-1"
< state   real   DUSFCG_ss        ij     misc        1         -     rh        "DUSFCG_ss"             "COLUMN-INTEGRATED U GWDO STRESS SMALL-SCALE"   "Pa m s-1"
< state   real   DVSFCG_ss        ij     misc        1         -     rh        "DVSFCG_ss"             "COLUMN-INTEGRATED V GWDO STRESS SMALL-SCALE"   "Pa m s-1"
< state   real   DUSFCG_fd        ij     misc        1         -     rh        "DUSFCG_fd"             "COLUMN-INTEGRATED U GWDO STRESS FORM-DRAG"   "Pa m s-1"
< state   real   DVSFCG_fd        ij     misc        1         -     rh        "DVSFCG_fd"             "COLUMN-INTEGRATED V GWDO STRESS FORM-DRAG"   "Pa m s-1"
< state   real   VAR2Dls          ij     misc        1         -     i012rhd   "VARls"                 "STANDARD DEVIATION of 2.5min-resolution topography"   "m"
< state   real   OC12Dls          ij     misc        1         -     i012rhd   "CONls"                 "OROGRAPHIC CONVEXITY of 2.5min-resolution topography"   ""
< state   real   OA1ls            ij     misc        1         -     i012rhd   "OA1ls"                 "OROGRAPHIC ASYMMETRY in West direction from 2.5min-resolution topography"   ""
< state   real   OA2ls            ij     misc        1         -     i012rhd   "OA2ls"                 "OROGRAPHIC ASYMMETRY in South direction from 2.5min-resolution topography"   ""
< state   real   OA3ls            ij     misc        1         -     i012rhd   "OA3ls"                 "OROGRAPHIC ASYMMETRY in South-West direction from 2.5min-resolution topography"   ""
< state   real   OA4ls            ij     misc        1         -     i012rhd   "OA4ls"                 "OROGRAPHIC ASYMMETRY in North-West direction from 2.5min-resolution topography"   ""
< state   real   OL1ls            ij     misc        1         -     i012rhd   "OL1ls"                 "OROGRAPHIC EFFECTIVE LENGTH for Westerly flow from 2.5min-resolution topography"   ""
< state   real   OL2ls            ij     misc        1         -     i012rhd   "OL2ls"                 "OROGRAPHIC EFFECTIVE LENGTH for Southerly flow from 2.5min-resolution topography"   ""
< state   real   OL3ls            ij     misc        1         -     i012rhd   "OL3ls"                 "OROGRAPHIC EFFECTIVE LENGTH for South-Westerly flow from 2.5min-resolution topography"   ""
< state   real   OL4ls            ij     misc        1         -     i012rhd   "OL4ls"                 "OROGRAPHIC EFFECTIVE LENGTH for North-Westerly flow from 2.5min-resolution topography"   ""
< state   real   VAR2Dss          ij     misc        1         -     i012rhd   "VARss"                 "STANDARD DEVIATION of 30sec-resolution topography"   "m"
< state   real   OC12Dss          ij     misc        1         -     i012rhd   "CONss"                 "OROGRAPHIC CONVEXITY of 30sec-resolution topography"   ""
< state   real   OA1ss            ij     misc        1         -     i012rhd   "OA1ss"                 "OROGRAPHIC ASYMMETRY in West direction from 30sec-resolution topography"   ""
< state   real   OA2ss            ij     misc        1         -     i012rhd   "OA2ss"                 "OROGRAPHIC ASYMMETRY in South direction from 30sec-resolution topography"   ""
< state   real   OA3ss            ij     misc        1         -     i012rhd   "OA3ss"                 "OROGRAPHIC ASYMMETRY in South-West direction from 30sec-resolution topography"   ""
< state   real   OA4ss            ij     misc        1         -     i012rhd   "OA4ss"                 "OROGRAPHIC ASYMMETRY in North-West direction from 30sec-resolution topography"   ""
< state   real   OL1ss            ij     misc        1         -     i012rhd   "OL1ss"                 "OROGRAPHIC EFFECTIVE LENGTH for Westerly flow from 30sec-resolution topography"   ""
< state   real   OL2ss            ij     misc        1         -     i012rhd   "OL2ss"                 "OROGRAPHIC EFFECTIVE LENGTH for Southerly flow from 30sec-resolution topography"   ""
< state   real   OL3ss            ij     misc        1         -     i012rhd   "OL3ss"                 "OROGRAPHIC EFFECTIVE LENGTH for South-Westerly flow from 30sec-resolution topography"   ""
< state   real   OL4ss            ij     misc        1         -     i012rhd   "OL4ss"                 "OROGRAPHIC EFFECTIVE LENGTH for North-Westerly flow from 30sec-resolution topography"   ""
---
> state   real   VAR2D            ij     misc        1         -     i012rhdus "VAR"                   "OROGRAPHIC VARIANCE"   ""   ""
> state   real   OC12D            ij     misc        1         -     i012rhdus "CON"                   "OROGRAPHIC CONVEXITY"   ""   ""
> state   real   OA1              ij     misc        1         -     i012rhdus "OA1"                   "OROGRAPHIC DIRECTION ASYMMETRY FUNCTION"   ""   ""
> state   real   OA2              ij     misc        1         -     i012rhdus "OA2"                   "OROGRAPHIC DIRECTION ASYMMETRY FUNCTION"   ""   ""
> state   real   OA3              ij     misc        1         -     i012rhdus "OA3"                   "OROGRAPHIC DIRECTION ASYMMETRY FUNCTION"   ""   ""
> state   real   OA4              ij     misc        1         -     i012rhdus "OA4"                   "OROGRAPHIC DIRECTION ASYMMETRY FUNCTION"   ""   ""
> state   real   OL1              ij     misc        1         -     i012rhdus "OL1"                   "OROGRAPHIC DIRECTION ASYMMETRY FUNCTION"   ""   ""
> state   real   OL2              ij     misc        1         -     i012rhdus "OL2"                   "OROGRAPHIC DIRECTION ASYMMETRY FUNCTION"   ""   ""
> state   real   OL3              ij     misc        1         -     i012rhdus "OL3"                   "OROGRAPHIC DIRECTION ASYMMETRY FUNCTION"   ""   ""
> state   real   OL4              ij     misc        1         -     i012rhdus "OL4"                   "OROGRAPHIC DIRECTION ASYMMETRY FUNCTION"   ""   ""
1501c1297
< state logical got_var_sso      -       misc         -         -     i02rh    "got_var_sso"           "whether VAR_SSO was included in WPS output (beginning V3.4)" ""
---
> state logical got_var_sso	-	misc	    -	      -     i02r  "got_var_sso"		     "whether VAR_SSO was included in WPS output (beginning V3.4)" ""
1503a1300
> 
1540c1337
< state   real    p00            -       misc         -         -     i02rh     "p00"                   "BASE STATE PRESSURE"         "Pa"
---
> state   real    p00            -       misc         -         -     i02rh     "p00"                   "BASE STATE PRESURE"         "Pa"
1545,1546c1342,1343
< state   real    max_msftx      -       misc         -         -      rh       "max_msftx"             "Max map factor in domain"  ""
< state   real    max_msfty      -       misc         -         -      rh       "max_msfty"             "Max map factor in domain"  ""
---
> state   real    max_msftx      -       misc         -         -      rh       "max_mstfx"             "Max map factor in domain"  ""
> state   real    max_msfty      -       misc         -         -      rh       "max_mstfy"             "Max map factor in domain"  ""
1686a1484
> state    real  w_up             ikj     misc        1         -      rdu      "W_UP"                  "EFFECTIVE SUBGRID VELOCITY FROM KF"  "m s-1"
1758d1555
< state    real  RTHRATENLWC     ikj      misc        1         -      r        "RTHRATLWC"             "UNCOUPLED THETA TEND DUE TO CLEAR SKY LONG WAVE RAD"    "K s-1"
1760,1761c1557
< state    real  RTHRATENSWC     ikj      misc        1         -      r        "RTHRATSWC"             "UNCOUPLED THETA TEND DUE TO CLEAR SKY SHORT WAVE RAD"   "K s-1"
< state    real  CLDFRA          ikj      misc        1         -      irh      "CLDFRA"                "CLOUD FRACTION"   ""
---
> state    real  CLDFRA          ikj      misc        1         -      rh       "CLDFRA"                "CLOUD FRACTION"   ""
1773c1569
< state    real  GSW              ij      misc        1         -      rd       "GSW"                   "NET SHORT WAVE FLUX AT GROUND SURFACE"           "W m-2"      
---
> state    real  GSW              ij      misc        1         -      rhd      "GSW"                   "NET SHORT WAVE FLUX AT GROUND SURFACE"           "W m-2"      
1997a1794
> i1       real  rho_phy         ikj      misc        1         -
2195,2217d1991
< # MAD-WRF
< state     real    brtemp         ij       dyn_em      1         -    i01h "brtemp"   "Brightness temperature to calc cloud top height" "K"
< state     real    cldmask        ij       dyn_em      1         -    i01h "cldmask"  "Cloud mask" "-"
< state     real    cldtopz        ij       dyn_em      1         -    i01h "cldtopz"  "Cloud top height above sea level" "m asl"
< state     real    cldbasez       ij       dyn_em      1         -    i01h "cldbasez" "Cloud base height above ground level" "m agl"
< 
< # Accumulated physics tendencies
< state    real  ATHMPTEN        ikj       misc     1         -      h       "ATHMPTEN"        "ACCUMULATED THETA TENDENCY DUE TO MICROPHY SCHEME"    "K "
< state    real  AQVMPTEN        ikj       misc     1         -      h       "AQVMPTEN"        "ACCUMULATED Q_V TENDENCY DUE TO MICROPHY SCHEME"      "kg kg-1 "
< state    real  ATHCUTEN        ikj       misc     1         -      h       "ATHCUTEN"        "ACCUMULATED THETA TENDENCY DUE TO CUMULUS SCHEME"     "K "
< state    real  AQVCUTEN        ikj       misc     1         -      h       "AQVCUTEN"        "ACCUMULATED Q_V TENDENCY DUE TO CUMULUS SCHEME"       "kg kg-1 "
< state    real  AUCUTEN         ikj       misc     1         -      h       "AUCUTEN"         "ACCUMULATED X WIND TENDENCY DUE TO CUMULUS SCHEME"    "m s-1 "
< state    real  AVCUTEN         ikj       misc     1         -      h       "AVCUTEN"         "ACCUMULATED Y WIND TENDENCY DUE TO CUMULUS SCHEME"    "m s-1 "
< state    real  ATHSHTEN        ikj       misc     1         -      h       "ATHSHTEN"        "ACCUMULATED THETA TENDENCY DUE TO SHALLOW SCHEME"     "K "
< state    real  AQVSHTEN        ikj       misc     1         -      h       "AQVSHTEN"        "ACCUMULATED Q_V TENDENCY DUE TO SHALLOW SCHEME"       "kg kg-1 "
< state    real  AUSHTEN         ikj       misc     1         -      h       "AUSHTEN"         "ACCUMULATED X WIND TENDENCY DUE TO SHALLOW SCHEME"    "m s-1 "
< state    real  AVSHTEN         ikj       misc     1         -      h       "AVSHTEN"         "ACCUMULATED Y WIND TENDENCY DUE TO SHALLOW SCHEME"    "m s-1 "
< state    real  ATHBLTEN        ikj       misc     1         -      h       "ATHBLTEN"        "ACCUMULATED THETA TENDENCY DUE TO PBL SCHEME"         "K "
< state    real  AQVBLTEN        ikj       misc     1         -      h       "AQVBLTEN"        "ACCUMULATED Q_V TENDENCY DUE TO PBL SCHEME"           "kg kg-1 "
< state    real  AUBLTEN         ikj       misc     1         -      h       "AUBLTEN"         "ACCUMULATED X WIND TENDENCY DUE TO PBL SCHEME"        "m s-1 "
< state    real  AVBLTEN         ikj       misc     1         -      h       "AVBLTEN"         "ACCUMULATED Y WIND TENDENCY DUE TO PBL SCHEME"        "m s-1 "
< state    real  ATHRATENLW      ikj       misc     1         -      h       "ATHRATENLW"      "ACCUMULATED THETA TENDENCY DUE TO LW RADIATION SCHEME"   "K "
< state    real  ATHRATENSW      ikj       misc     1         -      h       "ATHRATENSW"      "ACCUMULATED THETA TENDENCY DUE TO SW RADIATION SCHEME"   "K "
2340c2114
< rconfig   integer rebalance               namelist,domains      1              0       irh    "rebalance"  "0=no; 1=yes (must be 1 if vertical nesting is used)"
---
> rconfig   integer rebalance               namelist,domains      1              0       irh    "rebalance"  "0=no; 1=yes, always; 2=yes, but only when doing vertical nesting"
2406,2407c2180
< rconfig   integer gwd_used                derived               1             0       -     "gwd_used"  "takes on the non-zero value of gwd_opt used on any domain"
< rconfig   integer gwd_diags_used          derived               1             0       -     "gwd_diags_used"  "takes on the non-zero value of gwd_opt used on any domain if gwd_diags==1"
---
> rconfig   integer gwd_used                derived               1             0       -     "gwd_used"  "turn on if gwd_opt is on on any domains"
2478c2251
< rconfig   integer     CCNTY               namelist,physics      1            2        rh       "Aerosol background type for NTU microphysics"  ""   ""
---
> 
2500,2501d2272
< rconfig   integer     ra_sw_eclipse       namelist,physics	1              0       rh       "ra_sw_eclipse"         "0/1 flag: 1=turn eclipse on"      ""
< rconfig   integer     ghg_input           namelist,physics	1              1       rh       "ghg_input"             "for CAM, RRTM, RRTMG, RRTMG_fast: 0/1 flag: 0=constant (CO2 is a function of year for RRTM*); 1=time-varying GHG from CAMtr climate file"
2520c2291
< rconfig   integer     ysu_topdown_pblmix  namelist,physics      1              1       rh       "ysu_topdown_pblmix"            ""      ""
---
> rconfig   integer     ysu_topdown_pblmix  namelist,physics      1              0       rh       "ysu_topdown_pblmix"            ""      ""
2548d2318
< rconfig   integer idcor                   namelist,physics      1             0       irh    "idcor"                         "0=constant decorrelation length, 2500 m, 1=latitude-varying decorrelation length"      ""
2553,2554d2322
< rconfig   integer num_pft_clm             namelist,physics      1            17       -      "num_pft_clm"                  ""      ""
< rconfig   logical input_pft               namelist,physics      1            .false.   h     "input_pft_flag"         "use input pft instead of USGS"      ""
2566d2333
< rconfig   integer num_urban_ngr           derived               1             1       irh    "num_urban_ngr"   "number of grid levels in the green roof (ngr_u in BEP or BEM header)"    ""
2577c2344
< rconfig   integer urban_map_zgrd          derived               1             1        rh    "urban_map_zgrd"  "urban mapping 10: ind_zgrd"      ""
---
> 
2597d2363
< rconfig   integer use_wudapt_lcz          namelist,physics      1             0       -      "use_wudapt_lcz"                ""      ""
2604d2369
< rconfig   integer qna_update              namelist,physics      1            0         h    "qna_update"  "update aerosol in Thompson-MP-Aero from wrfqnainp file  0=no, 1=yes"   ""
2643d2407
< rconfig   logical couple_farms            namelist,physics      1             .false. -      "couple_farms" "coupling FARMS radiation to land surface model"     ""
2663,2664d2426
< rconfig   integer shalwater_z0            namelist,physics      max_domains  0         rh    "shalwater_z0"     "shallow water sea surface roughness flag"      ""
< rconfig   real    shalwater_depth         namelist,physics      1            -1.0      rh    "shalwater_depth"     "water depth for shallow water scheme"      "m"
2676c2438
< rconfig   integer fractional_seaice       namelist,physics      1              0       -     "fractional_seaice" "Fractional sea-ice option: 0=OFF; 1=ON"
---
> rconfig   integer fractional_seaice       namelist,physics      1              0       -     "fractional_seaice" "Fractional sea-ice option"
2701,2704d2462
< rconfig   integer aer_init_opt            derived               1              0       irh   "aer_init_opt"   "surrogate to handle aerosol IC/BC data in Thompson-MP-Aero: 0=no IC/BC aerosol, 1=climo, 2=first guess"
< rconfig   logical wif_fire_emit           namelist,physics      1              .false. irh   "wif_fire_emit"  "Activate biomass burning emissionsu in Thompson-MP-Aero"  " "
< rconfig   integer aer_fire_emit_opt       derived               1              0       irh   "aer_fire_emit_opt"   "surrogate to handle aerosol fire emissions in Thompson-MP-Aero: 0=no fire emissions, 1=OC only, 2=OC+BC"  " "
< rconfig   integer wif_fire_inj            namelist,physics      max_domains    1       irh   "wif_fire_inj"   "Vertically distribute biomass burning emissions in Thompson-MP-Aero"  " "
2706d2463
< rconfig   logical insert_init_cloud       namelist,physics      1              .false. irh   "insert_init_cloud" "Insert diagnostic initial cloud using icloud=3 method (Thompson)"  "logical flag"
2715d2471
< rconfig   integer acc_phy_tend            namelist,physics      max_domains    0       rh    "acc_phy_tend"       "option to output accumulated physics tendencies"   "flag"
2717,2721d2472
< # MAD-WRF
< rconfig   integer madwrf_opt          namelist,physics      1              0       rh    "madwrf_opt" "MAD-WRF model" "0: off, 1: Advect/diffuse hydromets, 2: Nudge advected/diffused hydrometes to model state"
< rconfig   real    madwrf_dt_relax            namelist,physics      1              60.     rh    "madwrf_dt_relax" "Relaxation time for hydrometeor nudging"  "s"
< rconfig   real    madwrf_dt_nudge            namelist,physics      1              60.     rh    "madwrf_dt_nudge" "Temporal period for hydrometeor nudging"  "Min"
< rconfig   integer madwrf_cldinit             namelist,physics      1              0       rh    "madwrf_cldinit"  "Enhance cloud initialization" "0: Off, 1: On"
2727c2478
< rconfig   integer opt_run     namelist,noah_mp      1           3         h    "opt_run"  "runoff and groundwater (1->SIMGM; 2->SIMTOP; 3->Schaake96; 4->BATS; 5->Miguez-Macho & Fan; 6->VIC; 7->Xiananjiang; 8->Dynamic VIC)"   ""
---
> rconfig   integer opt_run     namelist,noah_mp      1           3         h    "opt_run"  "runoff and groundwater (1->SIMGM; 2->SIMTOP; 3->Schaake96; 4->BATS; 5->Miguez-Macho & Fan)"   ""
2741,2748c2492
< rconfig   integer opt_irr     namelist,noah_mp      1           0         h    "opt_irr"  "Noah-MP irrigation option"   ""
< rconfig   integer opt_irrm    namelist,noah_mp      1           0         h    "opt_irrm" "Noah-MP irrigation method option"   ""
< rconfig   integer opt_infdv   namelist,noah_mp      1           0         h    "opt_infdv" "Noah-MP infiltration option in dynamic VIC runoff scheme (only works with opt_run=8), 1->Philip; 2->Green-Ampt; 3->Smith-Parlange"
< rconfig   integer opt_tdrn    namelist,noah_mp      1           0         h    "opt_tdrn" "NoahMP tile drainage option (currently only tested & works with opt_run=3), 0->no tile drainage; 1->Simple drainage; 2->Hooghoudt scheme"
< rconfig   real    soiltstep   namelist,noah_mp      1           0.        h    "soiltstep" "NoahMP soil process timestep (s) for solving soil temperature and water (default:0->same as main noahmp timestep)"
< rconfig   real    WTDDT               namelist,physics    max_domains   30.      h     "wtddt"    "minutes between calls to lateral hydro"  ""
< rconfig   real    noahmp_acc_dt       namelist,noah_mp      1           0.        h    "noahmp_acc_dt" "bucket reset time interval between outputs for noah-mp accumulation"   "minutes"
< rconfig   integer noahmp_output       namelist,noah_mp      1           1         h    "noahmp_output" "noahmp output level"   ""
---
> rconfig   real    WTDDT               namelist,physics         max_domains     30.      h     "wtddt"    "minutes between calls to lateral hydro"  ""
2882,2884c2626
< rconfig   integer w_damping               namelist,dynamics	1             0       irh   "w_damping"              ""      ""
< rconfig   real    w_crit_cfl              namelist,dynamics	1             1.0     irh   "w_crit_cfl"             "W-CFL where w-damping is on" ""
< rconfig   integer zadvect_implicit        namelist,dynamics	1             0       irh   "zadvect_implicit"       "Turns on IEVA for vertical adv" ""
---
> rconfig   integer w_damping               namelist,dynamics	1             0       irh    "w_damping"             ""      ""
2886c2628
< rconfig   integer diff_opt                namelist,dynamics	max_domains   -1      irh   "diff_opt"               ""      ""
---
> rconfig   integer diff_opt                namelist,dynamics	max_domains   -1      irh    "diff_opt"              ""      ""
2888c2630
< rconfig   integer diff_opt_dfi            namelist,dynamics	max_domains   0       irh   "diff_opt_dfi"           ""      ""
---
> rconfig   integer diff_opt_dfi            namelist,dynamics	max_domains   0       irh    "diff_opt_dfi"          ""      ""
2895,2896c2637,2638
< rconfig   integer gwd_opt                 namelist,dynamics     max_domains   0       irh    "gwd_opt"               ""      ""
< rconfig   integer gwd_diags               namelist,dynamics     1             0       irh    "gwd_diags"             "switch to turn on extra gwd diagnostics if available for given gwd_opt"      ""
---
> rconfig   integer gwd_opt                 namelist,dynamics     max_domains   0       irh    "gwd_opt"              ""      ""
> rconfig   real    max_rot_angle_gwd       namelist,dynamics     1             22.5    irh    "max_rot_angle_gwd"    "max projection rotation angle permitted for gwd_opt=1"      ""
2919,2920d2660
< rconfig   integer   h_pbl3d_adv_order     namelist,dynamics     max_domains    5       rh       "h_pbl3d_adv_order"               ""      ""
< rconfig   integer   v_pbl3d_adv_order     namelist,dynamics     max_domains    3       rh       "v_pbl3d_adv_order"               ""      ""
2928,2929d2667
< rconfig   integer  pbl3d_adv_opt          namelist,dynamics     max_domains    1       rh    "pbl3d_adv_opt"         "positive-definite RK3 transport switch"      ""
< rconfig   integer  phi_adv_z              namelist,dynamics	max_domains    1       h     "phi_adv_z"             "Vertical advection option for geopotential; 1: original 2: avoid double staggering of omega"   ""
2936d2673
< rconfig   logical  pbl3d_mix2_off         namelist,dynamics     max_domains    .false. rh    "pbl3d_mix2_off"        "de-activate 2nd-order horizontal mixing for q_sq_prog"     ""
2943d2679
< rconfig   logical  pbl3d_mix6_off         namelist,dynamics     max_domains    .false. rh    "pbl3d_mix6_off"        "de-activate 6th-order horizontal filter for q_sq_prog"     ""
2993a2730
> rconfig   integer spec_bdy_final_mu       namelist,bdy_control	        1     1        rh    "call spec_bdy_final for mu"    ""      ""
3088c2825
< package   thompsonaero    mp_physics==28               -             moist:qv,qc,qr,qi,qs,qg;scalar:qni,qnr,qnc,qnwfa,qnifa,qnbca;state:re_cloud,re_ice,re_snow,qnwfa2d,qnifa2d,taod5503d,taod5502d
---
> package   thompsonaero    mp_physics==28               -             moist:qv,qc,qr,qi,qs,qg;scalar:qni,qnr,qnc,qnwfa,qnifa;state:re_cloud,re_ice,re_snow,qnwfa2d,qnifa2d,taod5503d,taod5502d
3092d2828
< package   p3_1cat_3mom    mp_physics==53               -             moist:qv,qc,qr,qi;scalar:qnc,qni,qnr,qir,qib,qzi;state:re_cloud,re_ice,vmi3d,rhopo3d,di3d,refl_10cm,th_old,qv_old
3095d2830
< package   ntu             mp_physics==56               -             moist:qv,qc,qr,qi,qs,qg,qh;scalar:qnc,qnr,qni,qns,qng,qnh,qdcn,qtcn,qccn,qrcn,qnin,fi,fs,vi,vs,vg,ai,as,ag,ah,i3m
3098c2833
< package   madwrf_mp       mp_physics==96               -             moist:qv,qc,qi,qs
---
> 
3103,3106d2837
< # MAD-WRF
< package   cldinit         madwrf_cldinit==1            -             state:brtemp,cldmask,cldtopz,cldbasez
< package   madwrf          madwrf_opt==2                -             tracer:tr_qc,tr_qi,tr_qs
< 
3129c2860
< package   thompsonaero_dfi  mp_physics_dfi==28       -             dfi_moist:dfi_qv,dfi_qc,dfi_qr,dfi_qi,dfi_qs,dfi_qg;dfi_scalar:dfi_qni,dfi_qnr,dfi_qnc,dfi_qnwfa,dfi_qnifa,dfi_qnbca;state:dfi_re_cloud,dfi_re_ice,dfi_re_snow
---
> package   thompsonaero_dfi  mp_physics_dfi==28       -             dfi_moist:dfi_qv,dfi_qc,dfi_qr,dfi_qi,dfi_qs,dfi_qg;dfi_scalar:dfi_qni,dfi_qnr,dfi_qnc,dfi_qnwfa,dfi_qnifa;state:dfi_re_cloud,dfi_re_ice,dfi_re_snow
3133d2863
< package   p3_1cat_3mom_dfi  mp_physics_dfi==53    -                dfi_moist:dfi_qv,dfi_qc,dfi_qr,dfi_qi;dfi_scalar:dfi_qni,dfi_qnr,dfi_qir,dfi_qib,dfi_qzi;state:dfi_re_cloud,dfi_re_ice
3135d2864
< package   ntu_dfi           mp_physics_dfi==56       -             dfi_moist:dfi_qv,dfi_qc,dfi_qr,dfi_qi,dfi_qs,dfi_qg,dfi_qh;dfi_scalar:dfi_qnc,dfi_qnr,dfi_qni,dfi_qns,dfi_qng,dfi_qnh,dfi_qdcn,dfi_qtcn,dfi_qccn,dfi_qrcn,dfi_qnin,dfi_fi,dfi_fs,dfi_vi,dfi_vs,dfi_vg,dfi_ai,dfi_as,dfi_ag,dfi_ah,dfi_i3m
3164d2892
< package   eclipsescheme   ra_sw_eclipse==1           -             state:ecmask,ecobsc,elat_track,elon_track
3179,3180c2907
< package   bep_bemscheme  sf_urban_physics==3         -             state:a_u_bep,a_v_bep,a_t_bep,a_q_bep,a_e_bep,b_u_bep,b_v_bep,b_t_bep,b_q_bep,b_e_bep,dlg_bep,dl_u_bep,sf_bep,vl_bep,trb_urb4d,tw1_urb4d,tw2_urb4d,tgb_urb4d,tlev_urb3d,qlev_urb3d,tw1lev_urb3d,tw2lev_urb3d,tglev_urb3d,tflev_urb3d,sf_ac_urb3d,lf_ac_urb3d,cm_ac_urb3d,sfvent_urb3d,lfvent_urb3d,sfwin1_urb3d,sfwin2_urb3d,sfw1_urb3d,sfw2_urb3d,sfr_urb3d,sfg_urb3d,hi_urb2d,lp_urb2d,hgt_urb2d,lb_urb2d,trl_urb3d,tgl_urb3d,tbl_urb3d,tsk_rural,ep_pv_urb3d,t_pv_urb3d,trv_urb4d,qr_urb4d,qgr_urb3d,tgr_urb3d,drain_urb4d,draingr_urb3d,sfrv_urb3d,lfrv_urb3d,dgr_urb3d,dg_urb3d,lfr_urb3d,lfg_urb3d
< 
---
> package   bep_bemscheme  sf_urban_physics==3         -             state:a_u_bep,a_v_bep,a_t_bep,a_q_bep,a_e_bep,b_u_bep,b_v_bep,b_t_bep,b_q_bep,b_e_bep,dlg_bep,dl_u_bep,sf_bep,vl_bep,trb_urb4d,tw1_urb4d,tw2_urb4d,tgb_urb4d,tlev_urb3d,qlev_urb3d,tw1lev_urb3d,tw2lev_urb3d,tglev_urb3d,tflev_urb3d,sf_ac_urb3d,lf_ac_urb3d,cm_ac_urb3d,sfvent_urb3d,lfvent_urb3d,sfwin1_urb3d,sfwin2_urb3d,sfw1_urb3d,sfw2_urb3d,sfr_urb3d,sfg_urb3d,hi_urb2d,lp_urb2d,hgt_urb2d,lb_urb2d,trl_urb3d,tgl_urb3d,tbl_urb3d,tsk_rural
3186,3188c2913,2914
< package   clmscheme      sf_surface_physics==5       -             state:numc,nump,sabv,sabg,lwup,lhsoi,lhveg,lhtran,snl,snowdp,wtc,wtp,h2osno,t_grnd,t_veg,h2ocan,h2ocan_col,t2m_max,t2m_min,t2clm,t_ref2m,q_ref2m,h2osoi_liq_s1,h2osoi_liq_s2,h2osoi_liq_s3,h2osoi_liq_s4,h2osoi_liq_s5,h2osoi_liq1,h2osoi_liq2,h2osoi_liq3,h2osoi_liq4,h2osoi_liq5,h2osoi_liq6,h2osoi_liq7,h2osoi_liq8,h2osoi_liq9,h2osoi_liq10,h2osoi_ice_s1,h2osoi_ice_s2,h2osoi_ice_s3,h2osoi_ice_s4,h2osoi_ice_s5,h2osoi_ice1,h2osoi_ice2,h2osoi_ice3,h2osoi_ice4,h2osoi_ice5,h2osoi_ice6,h2osoi_ice7,h2osoi_ice8,h2osoi_ice9,h2osoi_ice10,t_soisno_s1,t_soisno_s2,t_soisno_s3,t_soisno_s4,t_soisno_s5,t_soisno1,t_soisno2,t_soisno3,t_soisno4,t_soisno5,t_soisno6,t_soisno7,t_soisno8,t_soisno9,t_soisno10,dzsnow1,dzsnow2,dzsnow3,dzsnow4,dzsnow5,snowrds1,snowrds2,snowrds3,snowrds4,snowrds5,t_lake1,t_lake2,t_lake3,t_lake4,t_lake5,t_lake6,t_lake7,t_lake8,t_lake9,t_lake10,h2osoi_vol1,h2osoi_vol2,h2osoi_vol3,h2osoi_vol4,h2osoi_vol5,h2osoi_vol6,h2osoi_vol7,h2osoi_vol8,h2osoi_vol9,h2osoi_vol10,albedosubgrid,lhsubgrid,hfxsubgrid,lwupsubgrid,q2subgrid,sabvsubgrid,sabgsubgrid,nrasubgrid,swupsubgrid,t_veg24,t_veg240,fsun,fsun24,fsun240,fsd24,fsd240,fsi24,fsi240,laip,pct_pft_input
< package   noahmpscheme   sf_surface_physics==4       -             state:isnowxy,tvxy,tgxy,canliqxy,canicexy,eahxy,tahxy,cmxy,chxy,fwetxy,sneqvoxy,alboldxy,qsnowxy,qrainxy,wslakexy,zwtxy,waxy,wtxy,tsnoxy,zsnsoxy,snicexy,snliqxy,lfmassxy,rtmassxy,stmassxy,woodxy,stblcpxy,fastcpxy,xsaixy,taussxy,t2mvxy,t2mbxy,q2mvxy,q2mbxy,tradxy,neexy,gppxy,nppxy,fvegxy,qinxy,runsfxy,runsbxy,ecanxy,edirxy,etranxy,fsaxy,firaxy,aparxy,psnxy,savxy,sagxy,rssunxy,rsshaxy,bgapxy,wgapxy,tgvxy,tgbxy,chvxy,chbxy,shgxy,shcxy,shbxy,evgxy,evbxy,ghvxy,ghbxy,irgxy,ircxy,irbxy,trxy,evcxy,chleafxy,chucxy,chv2xy,chb2xy,chstarxy,smoiseq,smcwtdxy,rechxy,deeprechxy,fdepthxy,areaxy,rivercondxy,riverbedxy,eqzwt,pexpxy,qrfxy,qrfsxy,qspringxy,qspringsxy,qslatxy,stepwtd,rechclim,gddxy,grainxy,croptype,planting,harvest,season_gdd,cropcat,pgsxy,soilcomp,soilcl1,soilcl2,soilcl3,soilcl4,irfract,sifract,mifract,fifract,irnumsi,irnummi,irnumfi,irwatsi,irwatmi,irwatfi,irsivol,irmivol,irfivol,ireloss,irrsplh,td_fraction,qtdrain,acrech,acqspring,qlatxy,qintsxy,qintrxy,qdripsxy,qdriprxy,qthrosxy,qthrorxy,qsnsubxy,qsnfroxy,qsubcxy,qfrocxy,qevacxy,qdewcxy,qfrzcxy,qmeltcxy,qsnbotxy,pondingxy,pahxy,pahgxy,pahvxy,pahbxy,fpicexy,rainlsm,snowlsm,acints,acintr,acdripr,acthror,acevac,acdewc,forctlsm,forcqlsm,forcplsm,forczlsm,forcwlsm,acrainlsm,acrunsb,acrunsf,acecan,acetran,acedir,acqlat,acqrf,acetlsm,acsnowlsm,acsubc,acfroc,acfrzc,acmeltc,acsnbot,acponding,acsnsub,acsnfro,acrainsnow,acdrips,acthros,acsagb,acirb,acshb,acevb,acghb,acpahb,acsagv,acirg,acshg,acevg,acghv,acpahg,acsav,acirc,acshc,acevc,actr,acpahv,acswdnlsm,acswuplsm,aclwdnlsm,aclwuplsm,acshflsm,aclhflsm,acghflsm,acpahlsm,accanhs,canhsxy,soilenergy,snowenergy,acc_ssoil,acc_qinsur,acc_qseva,acc_etrani,aceflxb,eflxbxy,acc_dwaterxy,acc_prcpxy,acc_ecanxy,acc_etranxy,acc_edirxy,qmeltxy,acsnmelt
< package   ctsmscheme     sf_surface_physics==6       -             - 
---
> package   noahmpscheme   sf_surface_physics==4       -             state:isnowxy,tvxy,tgxy,canliqxy,canicexy,eahxy,tahxy,cmxy,chxy,fwetxy,sneqvoxy,alboldxy,qsnowxy,wslakexy,zwtxy,waxy,wtxy,tsnoxy,zsnsoxy,snicexy,snliqxy,lfmassxy,rtmassxy,stmassxy,woodxy,stblcpxy,fastcpxy,xsaixy,taussxy,t2mvxy,t2mbxy,q2mvxy,q2mbxy,tradxy,neexy,gppxy,nppxy,fvegxy,qinxy,runsfxy,runsbxy,ecanxy,edirxy,etranxy,fsaxy,firaxy,aparxy,psnxy,savxy,sagxy,rssunxy,rsshaxy,bgapxy,wgapxy,tgvxy,tgbxy,chvxy,chbxy,shgxy,shcxy,shbxy,evgxy,evbxy,ghvxy,ghbxy,irgxy,ircxy,irbxy,trxy,evcxy,chleafxy,chucxy,chv2xy,chb2xy,chstarxy,smoiseq,smcwtdxy,rechxy,deeprechxy,fdepthxy,areaxy,rivercondxy,riverbedxy,eqzwt,pexpxy,qrfxy,qrfsxy,qspringxy,qspringsxy,qslatxy,stepwtd,rechclim,gddxy,grainxy,croptype,planting,harvest,season_gdd,cropcat,pgsxy,soilcomp,soilcl1,soilcl2,soilcl3,soilcl4
> package   clmscheme      sf_surface_physics==5       -             state:numc,nump,sabv,sabg,lwup,lhsoi,lhveg,lhtran,snl,snowdp,wtc,wtp,h2osno,t_grnd,t_veg,h2ocan,h2ocan_col,t2m_max,t2m_min,t2clm,t_ref2m,h2osoi_liq_s1,h2osoi_liq_s2,h2osoi_liq_s3,h2osoi_liq_s4,h2osoi_liq_s5,h2osoi_liq1,h2osoi_liq2,h2osoi_liq3,h2osoi_liq4,h2osoi_liq5,h2osoi_liq6,h2osoi_liq7,h2osoi_liq8,h2osoi_liq9,h2osoi_liq10,h2osoi_ice_s1,h2osoi_ice_s2,h2osoi_ice_s3,h2osoi_ice_s4,h2osoi_ice_s5,h2osoi_ice1,h2osoi_ice2,h2osoi_ice3,h2osoi_ice4,h2osoi_ice5,h2osoi_ice6,h2osoi_ice7,h2osoi_ice8,h2osoi_ice9,h2osoi_ice10,t_soisno_s1,t_soisno_s2,t_soisno_s3,t_soisno_s4,t_soisno_s5,t_soisno1,t_soisno2,t_soisno3,t_soisno4,t_soisno5,t_soisno6,t_soisno7,t_soisno8,t_soisno9,t_soisno10,dzsnow1,dzsnow2,dzsnow3,dzsnow4,dzsnow5,snowrds1,snowrds2,snowrds3,snowrds4,snowrds5,t_lake1,t_lake2,t_lake3,t_lake4,t_lake5,t_lake6,t_lake7,t_lake8,t_lake9,t_lake10,h2osoi_vol1,h2osoi_vol2,h2osoi_vol3,h2osoi_vol4,h2osoi_vol5,h2osoi_vol6,h2osoi_vol7,h2osoi_vol8,h2osoi_vol9,h2osoi_vol10,albedosubgrid,lhsubgrid,hfxsubgrid,lwupsubgrid,q2subgrid,sabvsubgrid,sabgsubgrid,nrasubgrid,swupsubgrid
3201d2926
< package   lesscheme      bl_pbl_physics==0           -             -
3214d2938
< package   eepsscheme     bl_pbl_physics==16          -             scalar:pek_adv,pep_adv;state:tke_pbl,pep_pbl
3224,3225d2947
< package   any_pbl3d_used pbl3d_used==1               -             state:thetav,q_sq,q_sq_shear,q_sq_buoyancy,q_sq_dissip,q_sq_vdiff,q_sq_hdiff,u_tmp,v_tmp,w_tmp,th_tmp,qv_tmp,rho_tmp,q_sq_tmp,l_master,l_master_at_mass,l_boulac,turb_flux_u2,turb_flux_v2,turb_flux_w2,turb_flux_uv,turb_flux_uw,turb_flux_vw,turb_flux_utheta,turb_flux_vtheta,turb_flux_wtheta,turb_flux_wtheta_v,turb_flux_uqv,turb_flux_vqv,turb_flux_wqv,turb_flux_u2_mass,turb_flux_v2_mass,turb_flux_w2_mass,turb_flux_uv_mass,turb_flux_uw_mass,turb_flux_vw_mass,turb_flux_wtheta_v_mass
< 
3239c2961
< package   mskfscheme     cu_physics==11              -             state:w0avg
---
> package   mskfscheme   cu_physics==11              -             state:w0avg,w_up
3289,3291c3011
< package   gwd_used_1     gwd_used==1                -              state:oc12d,oa1,oa2,oa3,oa4,ol1,ol2,ol3,ol4,dtaux3d,dtauy3d,dusfcg,dvsfcg
< package   gwd_used_3     gwd_used==3                -              state:var2dls,oc12dls,oa1ls,oa2ls,oa3ls,oa4ls,ol1ls,ol2ls,ol3ls,ol4ls,var2dss,oc12dss,oa1ss,oa2ss,oa3ss,oa4ss,ol1ss,ol2ss,ol3ss,ol4ss 
< package   gwd_diags_used_3   gwd_diags_used==3      -              state:dtaux3d_ls,dtauy3d_ls,dtaux3d_bl,dtauy3d_bl,dtaux3d_ss,dtauy3d_ss,dtaux3d_fd,dtauy3d_fd,dusfcg_ls,dvsfcg_ls,dusfcg_bl,dvsfcg_bl,dusfcg_ss,dvsfcg_ss,dusfcg_fd,dvsfcg_fd
---
> package   gwd_used       gwd_used==1                -              state:oc12d,oa1,oa2,oa3,oa4,ol1,ol2,ol3,ol4,dtaux3d,dtauy3d,dusfcg,dvsfcg
3294d3013
< package   gwdoptgsl      gwd_opt==3                 -              -
3350c3069
< package   tseries_add_solar     process_time_series==2                 -             state:ts_hour,ts_u,ts_v,ts_q,ts_t,ts_psfc,ts_glw,ts_gsw,ts_hfx,ts_lh,ts_tsk,ts_tslb,ts_clw,ts_rainc,ts_rainnc,ts_u_profile,ts_v_profile,ts_gph_profile,ts_th_profile,ts_cldfrac2d,ts_wvp,ts_lwp,ts_iwp,ts_swp,ts_lwp_tot,ts_iwp_tot,ts_swp_tot,ts_re_qc,ts_re_qi,ts_re_qs,ts_re_qc_tot,ts_re_qi_tot,ts_re_qs_tot,ts_tau_qc,ts_tau_qi,ts_tau_qs,ts_tau_qc_tot,ts_tau_qi_tot,ts_tau_qs_tot,ts_cbaseht,ts_ctopht,ts_cbaseht_tot,ts_ctopht_tot,ts_clrnidx,ts_p_profile,ts_w_profile,ts_swdown,ts_swddni,ts_swddif,ts_swdownc,ts_swddnic,ts_swdown2,ts_swddni2,ts_swddif2,ts_swdownc2,ts_swddnic2,ts_ghi_accum
---
> package   tseries_add_solar     process_time_series==2                 -             state:ts_hour,ts_u,ts_v,ts_q,ts_t,ts_psfc,ts_glw,ts_gsw,ts_hfx,ts_lh,ts_tsk,ts_tslb,ts_clw,ts_rainc,ts_rainnc,ts_u_profile,ts_v_profile,ts_gph_profile,ts_th_profile,ts_cldfrac2d,ts_wvp,ts_lwp,ts_iwp,ts_swp,ts_lwp_tot,ts_iwp_tot,ts_swp_tot,ts_re_qc,ts_re_qi,ts_re_qs,ts_re_qc_tot,ts_re_qi_tot,ts_re_qs_tot,ts_tau_qc,ts_tau_qi,ts_tau_qs,ts_tau_qc_tot,ts_tau_qi_tot,ts_tau_qs_tot,ts_cbaseht,ts_ctopht,ts_cbaseht_tot,ts_ctopht_tot,ts_clrnidx,ts_p_profile,ts_w_profile,ts_swdown,ts_swddni,ts_swddif,ts_swdownc,ts_swddnic,ts_swdown2,ts_swddni2,ts_swddif2,ts_swdownc2,ts_swddnic2
3414d3132
< package   io_netcdfpar io_form_restart==13                   -             -
3418c3136
< package   wrfhydro       wrf_hydro==1                -            state:SOLDRAIN,SFCHEADRT,INFXSRT,qtiledrain,ZWATBLE2D
---
> package   wrfhydro       wrf_hydro==1                -            state:SOLDRAIN, SFCHEADRT, INFXSRT
3437,3438c3155
< #
< package   acc_phys_tend  acc_phy_tend==1             -            state:ATHMPTEN,AQVMPTEN,ATHCUTEN,AQVCUTEN,AUCUTEN,AVCUTEN,ATHSHTEN,AQVSHTEN,AUSHTEN,AVSHTEN,ATHBLTEN,AQVBLTEN,AUBLTEN,AVBLTEN,ATHRATENLW,ATHRATENSW
---
> 
3447c3164
< halo      HALO_EM_INIT_2 dyn_em 48:t_1,t_2,mu_1,mu_2,tke_1,tke_2,q_sq_prog_1,q_sq_prog_2,ww,phb
---
> halo      HALO_EM_INIT_2 dyn_em 48:t_1,t_2,mu_1,mu_2,tke_1,tke_2,ww,phb
3453c3170
< halo      HALO_EM_A dyn_em  8:ru,rv,rw,ww,php,alt,al,p,muu,muv,mut,rho
---
> halo      HALO_EM_A dyn_em  8:ru,rv,rw,ww,php,alt,al,p,muu,muv,mut
3461,3465d3177
< halo      HALO_EM_PHYS_STATE_PBL3D dyn_em 8:u_2,v_2,t_2,thetav,moist,rho,q_sq_prog_2;24:w_2
< halo      HALO_EM_PHYS_DIFFUSION_PBL3D dyn_em  8:turb_flux_u2,turb_flux_v2,turb_flux_w2,turb_flux_uv,turb_flux_utheta,turb_flux_vtheta,turb_flux_wtheta,turb_flux_uqv,turb_flux_vqv,turb_flux_wqv;24:turb_flux_uw,turb_flux_vw
< halo      HALO_EM_SCALAR_DIFFUSION_PBL3D dyn_em  8:turb_flux_uqc,turb_flux_vqc,turb_flux_wqc,turb_flux_uqr,turb_flux_vqr,turb_flux_wqr,turb_flux_uqi,turb_flux_vqi,turb_flux_wqi,turb_flux_uqs,turb_flux_vqs,turb_flux_wqs,turb_flux_uqg,turb_flux_vqg,turb_flux_wqg,turb_flux_uqnc,turb_flux_vqnc,turb_flux_wqnc,turb_flux_uqnr,turb_flux_vqnr,turb_flux_wqnr,turb_flux_uqni,turb_flux_vqni,turb_flux_wqni,turb_flux_uqnwfa,turb_flux_vqnwfa,turb_flux_wqnwfa,turb_flux_uqnifa,turb_flux_vqnifa,turb_flux_wqnifa
< halo      HALO_EM_PHYS_SUBSTEP_PBL3D dyn_em  8:u_tmp,v_tmp,th_tmp,qv_tmp,rho_tmp,q_sq_tmp,q_sq,l_master;24:w_tmp
< halo      HALO_EM_PHYS_HDIFF_PBL3D dyn_em  8:q_sq,l_master
3469,3470d3180
< halo      HALO_EM_PBL3D_ADVECT_3 dyn_em 24:q_sq_prog_2
< halo      HALO_EM_PBL3D_ADVECT_5 dyn_em 48:q_sq_prog_2
3479,3481d3188
< halo      HALO_EM_PBL3D_3 dyn_em   24:q_sq_prog_1,q_sq_prog_2
< halo      HALO_EM_PBL3D_5 dyn_em   48:q_sq_prog_1,q_sq_prog_2
< halo      HALO_EM_PBL3D_7 dyn_em   80:q_sq_prog_1,q_sq_prog_2
3484,3485d3190
< halo      HALO_EM_PBL3D_OLD_E_5 dyn_em   48:q_sq_prog_1
< halo      HALO_EM_PBL3D_OLD_E_7 dyn_em   80:q_sq_prog_1
3493,3499c3198,3203
< halo      HALO_EM_D2_3 dyn_em 24:u_2,v_2,w_2,t_2,ph_2;24:moist,chem,tracer,scalar,tke_2,q_sq_prog_2;4:mu_2,al
< halo      HALO_EM_D2_5 dyn_em 48:u_2,v_2,w_2,t_2,ph_2;24:moist,chem,tracer,scalar,tke_2,q_sq_prog_2;4:mu_2,al
< halo      HALO_EM_D3_3 dyn_em 24:u_1,u_2,v_1,v_2,w_1,w_2,t_1,t_2,ph_1,ph_2,tke_1,tke_2,q_sq_prog_1,q_sq_prog_2,moist,chem,tracer,scalar;4:mu_1,mu_2
< halo      HALO_EM_D3_5 dyn_em 48:u_1,u_2,v_1,v_2,w_1,w_2,t_1,t_2,ph_1,ph_2,tke_1,tke_2,q_sq_prog_1,q_sq_prog_2,moist,chem,tracer,scalar;4:mu_1,mu_2
< halo      HALO_EM_E_3 dyn_em 24:u_1,u_2,v_1,v_2,w_1,w_2,t_1,t_2,ph_1,ph_2,tke_1,tke_2,q_sq_prog_1,q_sq_prog_2,;4:mu_1,mu_2
< halo      HALO_EM_E_5 dyn_em 48:u_1,u_2,v_1,v_2,w_1,w_2,t_1,t_2,ph_1,ph_2,tke_1,tke_2,q_sq_prog_1,q_sq_prog_2,;4:mu_1,mu_2
< halo      HALO_FIREBRAND_SPOTTING_5 dyn_em 48:muts,al
---
> halo      HALO_EM_D2_3 dyn_em 24:u_2,v_2,w_2,t_2,ph_2;24:moist,chem,tracer,scalar,tke_2;4:mu_2,al
> halo      HALO_EM_D2_5 dyn_em 48:u_2,v_2,w_2,t_2,ph_2;24:moist,chem,tracer,scalar,tke_2;4:mu_2,al
> halo      HALO_EM_D3_3 dyn_em 24:u_1,u_2,v_1,v_2,w_1,w_2,t_1,t_2,ph_1,ph_2,tke_1,tke_2,moist,chem,tracer,scalar;4:mu_1,mu_2
> halo      HALO_EM_D3_5 dyn_em 48:u_1,u_2,v_1,v_2,w_1,w_2,t_1,t_2,ph_1,ph_2,tke_1,tke_2,moist,chem,tracer,scalar;4:mu_1,mu_2
> halo      HALO_EM_E_3 dyn_em 24:u_1,u_2,v_1,v_2,w_1,w_2,t_1,t_2,ph_1,ph_2,tke_1,tke_2,;4:mu_1,mu_2
> halo      HALO_EM_E_5 dyn_em 48:u_1,u_2,v_1,v_2,w_1,w_2,t_1,t_2,ph_1,ph_2,tke_1,tke_2,;4:mu_1,mu_2
3530c3234,3235
< halo      HALO_EM_FEEDBACK   dyn_em 48:u_2,v_2,w_2,ph_2,phb,t_2,mu_2,mub,alb,pb,moist,dfi_moist,scalar,dfi_scalar,ht,th_old,qv_old,tracer,pcb,pc_2
---
> 
> halo      HALO_EM_FEEDBACK   dyn_em 48:ht
3533a3239
> 
3566d3271
< period    PERIOD_BDY_EM_PBL3D dyn_em 4:q_sq_prog_2
3576d3280
< period    PERIOD_BDY_EM_PBL3D_OLD dyn_em 4:q_sq_prog_1
3580c3284
< period    PERIOD_BDY_EM_A dyn_em 2:ru,rv,rw,ww,php,alt,p,muu,muv,mut,ph_2,al,rho
---
> period    PERIOD_BDY_EM_A dyn_em 2:ru,rv,rw,ww,php,alt,p,muu,muv,mut,ph_2,al
3582,3587c3286
< period    PERIOD_BDY_EM_PHY_BC dyn_em 2:rublten,rvblten,rucuten,rvcuten,rushten,rvshten,xkmh,xkmv,xkhh,xkhv,div,defor11,defor22,defor12,defor13,defor23,defor33,tke_2,rho,gamu,gamv,xkmv_meso
< period    PERIOD_BDY_EM_STATE_PBL3D dyn_em 2:u_2,v_2,w_2,t_2,thetav,moist,rho,q_sq_prog_2
< period    PERIOD_BDY_EM_SUBSTEP_PBL3D dyn_em 2:u_tmp,v_tmp,w_tmp,th_tmp,qv_tmp,rho_tmp,q_sq_tmp,q_sq,l_master
< period    PERIOD_BDY_EM_HDIFF_PBL3D dyn_em 2:q_sq,l_master
< period    PERIOD_BDY_EM_PHY_BC_PBL3D dyn_em 2:turb_flux_u2,turb_flux_v2,turb_flux_w2,turb_flux_uw,turb_flux_vw,turb_flux_uv,turb_flux_utheta,turb_flux_vtheta,turb_flux_wtheta,turb_flux_uqv,turb_flux_vqv,turb_flux_wqv
< period    PERIOD_BDY_EM_SCALAR_BC_PBL3D dyn_em 2:turb_flux_uqc,turb_flux_vqc,turb_flux_wqc,turb_flux_uqr,turb_flux_vqr,turb_flux_wqr,turb_flux_uqi,turb_flux_vqi,turb_flux_wqi,turb_flux_uqs,turb_flux_vqs,turb_flux_wqs,turb_flux_uqg,turb_flux_vqg,turb_flux_wqg,turb_flux_uqnc,turb_flux_vqnc,turb_flux_wqnc,turb_flux_uqnr,turb_flux_vqnr,turb_flux_wqnr,turb_flux_uqni,turb_flux_vqni,turb_flux_wqni,turb_flux_uqnwfa,turb_flux_vqnwfa,turb_flux_wqnwfa,turb_flux_uqnifa,turb_flux_vqnifa,turb_flux_wqnifa
---
> period    PERIOD_BDY_EM_PHY_BC dyn_em 2:rublten,rvblten,rucuten,rvcuten,xkmh,xkmv,xkhh,xkhv,div,defor11,defor22,defor12,defor13,defor23,defor33,tke_2,rho,gamu,gamv,xkmv_meso
3593,3594c3292,3293
< period    PERIOD_BDY_EM_D dyn_em 3:u_2,v_2,w_2,t_2,ph_2,mu_2,tke_2,q_sq_prog_2
< period    PERIOD_BDY_EM_D3 dyn_em 3:u_1,u_2,v_1,v_2,w_1,w_2,t_1,t_2,ph_1,ph_2,tke_1,tke_2,q_sq_prog_1,q_sq_prog_2,mu_1,mu_2
---
> period    PERIOD_BDY_EM_D dyn_em 3:u_2,v_2,w_2,t_2,ph_2,mu_2,tke_2
> period    PERIOD_BDY_EM_D3 dyn_em 3:u_1,u_2,v_1,v_2,w_1,w_2,t_1,t_2,ph_1,ph_2,tke_1,tke_2,mu_1,mu_2
